Determining if the pthread_create exist failed with the following output:
Change Dir: /home/zhen/catkin_ws4/build/CMakeFiles/CMakeTmp

Run Build Command:"/usr/bin/make" "cmTC_5899a/fast"
/usr/bin/make -f CMakeFiles/cmTC_5899a.dir/build.make CMakeFiles/cmTC_5899a.dir/build
make[1]: Entering directory '/home/zhen/catkin_ws4/build/CMakeFiles/CMakeTmp'
Building C object CMakeFiles/cmTC_5899a.dir/CheckSymbolExists.c.o
/usr/bin/cc     -o CMakeFiles/cmTC_5899a.dir/CheckSymbolExists.c.o   -c /home/zhen/catkin_ws4/build/CMakeFiles/CMakeTmp/CheckSymbolExists.c
Linking C executable cmTC_5899a
/usr/bin/cmake -E cmake_link_script CMakeFiles/cmTC_5899a.dir/link.txt --verbose=1
/usr/bin/cc       CMakeFiles/cmTC_5899a.dir/CheckSymbolExists.c.o  -o cmTC_5899a -rdynamic 
CMakeFiles/cmTC_5899a.dir/CheckSymbolExists.c.o：在函数‘main’中：
CheckSymbolExists.c:(.text+0x16)：对‘pthread_create’未定义的引用
collect2: error: ld returned 1 exit status
CMakeFiles/cmTC_5899a.dir/build.make:97: recipe for target 'cmTC_5899a' failed
make[1]: *** [cmTC_5899a] Error 1
make[1]: Leaving directory '/home/zhen/catkin_ws4/build/CMakeFiles/CMakeTmp'
Makefile:126: recipe for target 'cmTC_5899a/fast' failed
make: *** [cmTC_5899a/fast] Error 2

File /home/zhen/catkin_ws4/build/CMakeFiles/CMakeTmp/CheckSymbolExists.c:
/* */
#include <pthread.h>

int main(int argc, char** argv)
{
  (void)argv;
#ifndef pthread_create
  return ((int*)(&pthread_create))[argc];
#else
  (void)argc;
  return 0;
#endif
}

Determining if the function pthread_create exists in the pthreads failed with the following output:
Change Dir: /home/zhen/catkin_ws4/build/CMakeFiles/CMakeTmp

Run Build Command:"/usr/bin/make" "cmTC_61282/fast"
/usr/bin/make -f CMakeFiles/cmTC_61282.dir/build.make CMakeFiles/cmTC_61282.dir/build
make[1]: Entering directory '/home/zhen/catkin_ws4/build/CMakeFiles/CMakeTmp'
Building C object CMakeFiles/cmTC_61282.dir/CheckFunctionExists.c.o
/usr/bin/cc    -DCHECK_FUNCTION_EXISTS=pthread_create   -o CMakeFiles/cmTC_61282.dir/CheckFunctionExists.c.o   -c /usr/share/cmake-3.5/Modules/CheckFunctionExists.c
Linking C executable cmTC_61282
/usr/bin/cmake -E cmake_link_script CMakeFiles/cmTC_61282.dir/link.txt --verbose=1
/usr/bin/cc   -DCHECK_FUNCTION_EXISTS=pthread_create    CMakeFiles/cmTC_61282.dir/CheckFunctionExists.c.o  -o cmTC_61282 -rdynamic -lpthreads 
/usr/bin/ld: 找不到 -lpthreads
collect2: error: ld returned 1 exit status
CMakeFiles/cmTC_61282.dir/build.make:97: recipe for target 'cmTC_61282' failed
make[1]: *** [cmTC_61282] Error 1
make[1]: Leaving directory '/home/zhen/catkin_ws4/build/CMakeFiles/CMakeTmp'
Makefile:126: recipe for target 'cmTC_61282/fast' failed
make: *** [cmTC_61282/fast] Error 2


Determining if the Q_WS_WIN exist failed with the following output:
Change Dir: /home/zhen/catkin_ws4/build/CMakeFiles/CMakeTmp

Run Build Command:"/usr/bin/make" "cmTC_2724f/fast"
/usr/bin/make -f CMakeFiles/cmTC_2724f.dir/build.make CMakeFiles/cmTC_2724f.dir/build
make[1]: Entering directory '/home/zhen/catkin_ws4/build/CMakeFiles/CMakeTmp'
Building CXX object CMakeFiles/cmTC_2724f.dir/CheckSymbolExists.cxx.o
/usr/bin/c++    -I/usr/include/qt4   -o CMakeFiles/cmTC_2724f.dir/CheckSymbolExists.cxx.o -c /home/zhen/catkin_ws4/build/CMakeFiles/CMakeTmp/CheckSymbolExists.cxx
/home/zhen/catkin_ws4/build/CMakeFiles/CMakeTmp/CheckSymbolExists.cxx: In function ‘int main(int, char**)’:
/home/zhen/catkin_ws4/build/CMakeFiles/CMakeTmp/CheckSymbolExists.cxx:8:19: error: ‘Q_WS_WIN’ was not declared in this scope
   return ((int*)(&Q_WS_WIN))[argc];
                   ^
CMakeFiles/cmTC_2724f.dir/build.make:65: recipe for target 'CMakeFiles/cmTC_2724f.dir/CheckSymbolExists.cxx.o' failed
make[1]: *** [CMakeFiles/cmTC_2724f.dir/CheckSymbolExists.cxx.o] Error 1
make[1]: Leaving directory '/home/zhen/catkin_ws4/build/CMakeFiles/CMakeTmp'
Makefile:126: recipe for target 'cmTC_2724f/fast' failed
make: *** [cmTC_2724f/fast] Error 2

File /home/zhen/catkin_ws4/build/CMakeFiles/CMakeTmp/CheckSymbolExists.cxx:
/* */
#include <QtCore/qglobal.h>

int main(int argc, char** argv)
{
  (void)argv;
#ifndef Q_WS_WIN
  return ((int*)(&Q_WS_WIN))[argc];
#else
  (void)argc;
  return 0;
#endif
}

Determining if the Q_WS_QWS exist failed with the following output:
Change Dir: /home/zhen/catkin_ws4/build/CMakeFiles/CMakeTmp

Run Build Command:"/usr/bin/make" "cmTC_96f89/fast"
/usr/bin/make -f CMakeFiles/cmTC_96f89.dir/build.make CMakeFiles/cmTC_96f89.dir/build
make[1]: Entering directory '/home/zhen/catkin_ws4/build/CMakeFiles/CMakeTmp'
Building CXX object CMakeFiles/cmTC_96f89.dir/CheckSymbolExists.cxx.o
/usr/bin/c++    -I/usr/include/qt4   -o CMakeFiles/cmTC_96f89.dir/CheckSymbolExists.cxx.o -c /home/zhen/catkin_ws4/build/CMakeFiles/CMakeTmp/CheckSymbolExists.cxx
/home/zhen/catkin_ws4/build/CMakeFiles/CMakeTmp/CheckSymbolExists.cxx: In function ‘int main(int, char**)’:
/home/zhen/catkin_ws4/build/CMakeFiles/CMakeTmp/CheckSymbolExists.cxx:8:19: error: ‘Q_WS_QWS’ was not declared in this scope
   return ((int*)(&Q_WS_QWS))[argc];
                   ^
CMakeFiles/cmTC_96f89.dir/build.make:65: recipe for target 'CMakeFiles/cmTC_96f89.dir/CheckSymbolExists.cxx.o' failed
make[1]: *** [CMakeFiles/cmTC_96f89.dir/CheckSymbolExists.cxx.o] Error 1
make[1]: Leaving directory '/home/zhen/catkin_ws4/build/CMakeFiles/CMakeTmp'
Makefile:126: recipe for target 'cmTC_96f89/fast' failed
make: *** [cmTC_96f89/fast] Error 2

File /home/zhen/catkin_ws4/build/CMakeFiles/CMakeTmp/CheckSymbolExists.cxx:
/* */
#include <QtCore/qglobal.h>

int main(int argc, char** argv)
{
  (void)argv;
#ifndef Q_WS_QWS
  return ((int*)(&Q_WS_QWS))[argc];
#else
  (void)argc;
  return 0;
#endif
}

Determining if the Q_WS_MAC exist failed with the following output:
Change Dir: /home/zhen/catkin_ws4/build/CMakeFiles/CMakeTmp

Run Build Command:"/usr/bin/make" "cmTC_655be/fast"
/usr/bin/make -f CMakeFiles/cmTC_655be.dir/build.make CMakeFiles/cmTC_655be.dir/build
make[1]: Entering directory '/home/zhen/catkin_ws4/build/CMakeFiles/CMakeTmp'
Building CXX object CMakeFiles/cmTC_655be.dir/CheckSymbolExists.cxx.o
/usr/bin/c++    -I/usr/include/qt4   -o CMakeFiles/cmTC_655be.dir/CheckSymbolExists.cxx.o -c /home/zhen/catkin_ws4/build/CMakeFiles/CMakeTmp/CheckSymbolExists.cxx
/home/zhen/catkin_ws4/build/CMakeFiles/CMakeTmp/CheckSymbolExists.cxx: In function ‘int main(int, char**)’:
/home/zhen/catkin_ws4/build/CMakeFiles/CMakeTmp/CheckSymbolExists.cxx:8:19: error: ‘Q_WS_MAC’ was not declared in this scope
   return ((int*)(&Q_WS_MAC))[argc];
                   ^
CMakeFiles/cmTC_655be.dir/build.make:65: recipe for target 'CMakeFiles/cmTC_655be.dir/CheckSymbolExists.cxx.o' failed
make[1]: *** [CMakeFiles/cmTC_655be.dir/CheckSymbolExists.cxx.o] Error 1
make[1]: Leaving directory '/home/zhen/catkin_ws4/build/CMakeFiles/CMakeTmp'
Makefile:126: recipe for target 'cmTC_655be/fast' failed
make: *** [cmTC_655be/fast] Error 2

File /home/zhen/catkin_ws4/build/CMakeFiles/CMakeTmp/CheckSymbolExists.cxx:
/* */
#include <QtCore/qglobal.h>

int main(int argc, char** argv)
{
  (void)argv;
#ifndef Q_WS_MAC
  return ((int*)(&Q_WS_MAC))[argc];
#else
  (void)argc;
  return 0;
#endif
}

